<?xml version="1.0" encoding="UTF-8"?>
<!-- Generated by org.testng.reporters.JUnitReportReporter -->
<testsuite skipped="0" hostname="Nasatic-Acer" name="Pages.RunHomeAndLogin" tests="8" failures="0" timestamp="22 May 2017 21:50:01 GMT" time="219.187" errors="0">
  <testcase name="loginPage" time="45.869" classname="Pages.RunHomeAndLogin"/>
  <testcase name="loginPage" time="56.046" classname="Pages.RunHomeAndLogin"/>
  <testcase name="homePage" time="18.908" classname="Pages.RunHomeAndLogin"/>
  <testcase name="homePage" time="18.825" classname="Pages.RunHomeAndLogin"/>
  <testcase name="orderPage" time="9.194" classname="Pages.RunHomeAndLogin"/>
  <testcase name="orderPage" time="9.635" classname="Pages.RunHomeAndLogin"/>
  <testcase name="addressPage" time="31.028" classname="Pages.RunHomeAndLogin"/>
  <testcase name="addressPage" time="29.682" classname="Pages.RunHomeAndLogin"/>
</testsuite> <!-- Pages.RunHomeAndLogin -->
