<?xml version="1.0" encoding="UTF-8"?>
<!-- Generated by org.testng.reporters.JUnitReportReporter -->
<testsuite skipped="0" hostname="Nasatic-Acer" name="Runners.autoRunnerFox" tests="1" failures="0" timestamp="22 May 2017 21:50:01 GMT" time="131.834" errors="0">
  <testcase name="feature" time="131.834" classname="Runners.autoRunnerFox"/>
</testsuite> <!-- Runners.autoRunnerFox -->
