<?xml version="1.0" encoding="UTF-8"?>
<!-- Generated by org.testng.reporters.JUnitReportReporter -->
<testsuite skipped="0" hostname="Nasatic-Acer" name="Runners.AddAddressRunner" tests="1" failures="0" timestamp="22 May 2017 21:50:01 GMT" time="675.781" errors="0">
  <testcase name="feature" time="675.781" classname="Runners.AddAddressRunner"/>
</testsuite> <!-- Runners.AddAddressRunner -->
